0 info it worked if it ends with ok
1 verbose cli [
1 verbose cli   'C:\\Program Files\\nodejs\\node.exe',
1 verbose cli   'C:\\Program Files\\nodejs\\node_modules\\npm\\bin\\npm-cli.js',
1 verbose cli   'i',
1 verbose cli   'react-bootstrap'
1 verbose cli ]
2 info using npm@6.14.5
3 info using node@v12.18.2
4 verbose npm-session 22d08be237a98dc6
5 silly install loadCurrentTree
6 silly install readLocalPackageData
7 verbose stack Error: kill ENOSYS
7 verbose stack     at process.kill (internal/process/per_thread.js:198:13)
7 verbose stack     at process.listener (C:\Program Files\nodejs\node_modules\npm\node_modules\signal-exit\index.js:95:15)
7 verbose stack     at process.emit (events.js:315:20)
8 verbose cwd E:\Class 31\fivth
9 verbose Windows_NT 10.0.14393
10 verbose argv "C:\\Program Files\\nodejs\\node.exe" "C:\\Program Files\\nodejs\\node_modules\\npm\\bin\\npm-cli.js" "i" "react-bootstrap"
11 verbose node v12.18.2
12 verbose npm  v6.14.5
13 error code ENOSYS
14 error syscall kill
15 error errno ENOSYS
16 error kill ENOSYS
17 verbose exit [ 1, true ]
